# JRE version: OpenJDK Runtime Environment (8.0_242-b01) (build 1.8.0_242-release-1644-b01)
# Java VM: OpenJDK 64-Bit Server VM (25.242-b01 mixed mode windows-amd64 compressed oops)
Heap:
 PSYoungGen      total 539136K, used 473615K [0x00000000d5580000, 0x0000000100000000, 0x0000000100000000)
  eden space 441856K, 85% used [0x00000000d5580000,0x00000000ec5080a8,0x00000000f0500000)
  from space 97280K, 99% used [0x00000000fa100000,0x00000000ffffbc78,0x0000000100000000)
  to   space 128512K, 0% used [0x00000000f0500000,0x00000000f0500000,0x00000000f8280000)
 ParOldGen       total 230400K, used 128809K [0x0000000080000000, 0x000000008e100000, 0x00000000d5580000)
  object space 230400K, 55% used [0x0000000080000000,0x0000000087dca720,0x000000008e100000)
 Metaspace       used 226625K, capacity 239586K, committed 239872K, reserved 1257472K
  class space    used 29297K, capacity 31673K, committed 31792K, reserved 1048576K
GC Heap History (10 events):
Event: 19835.366 GC heap before
{Heap before GC invocations=54 (full 8):
 PSYoungGen      total 596480K, used 10388K [0x00000000d5580000, 0x00000000ff880000, 0x0000000100000000)
  eden space 503296K, 0% used [0x00000000d5580000,0x00000000d5580000,0x00000000f4100000)
  from space 93184K, 11% used [0x00000000f9c80000,0x00000000fa6a5008,0x00000000ff780000)
  to   space 93696K, 0% used [0x00000000f4100000,0x00000000f4100000,0x00000000f9c80000)
 ParOldGen       total 230400K, used 98279K [0x0000000080000000, 0x000000008e100000, 0x00000000d5580000)
  object space 230400K, 42% used [0x0000000080000000,0x0000000085ff9ed0,0x000000008e100000)
 Metaspace       used 179665K, capacity 188666K, committed 194560K, reserved 1218560K
  class space    used 23154K, capacity 24805K, committed 25904K, reserved 1048576K
Event: 19844.114 GC heap after
Heap after GC invocations=54 (full 8):
 PSYoungGen      total 596480K, used 0K [0x00000000d5580000, 0x00000000ff880000, 0x0000000100000000)
  eden space 503296K, 0% used [0x00000000d5580000,0x00000000d5580000,0x00000000f4100000)
  from space 93184K, 0% used [0x00000000f9c80000,0x00000000f9c80000,0x00000000ff780000)
  to   space 93696K, 0% used [0x00000000f4100000,0x00000000f4100000,0x00000000f9c80000)
 ParOldGen       total 230400K, used 94064K [0x0000000080000000, 0x000000008e100000, 0x00000000d5580000)
  object space 230400K, 40% used [0x0000000080000000,0x0000000085bdc000,0x000000008e100000)
 Metaspace       used 179147K, capacity 187796K, committed 194560K, reserved 1218560K
  class space    used 23068K, capacity 24646K, committed 25904K, reserved 1048576K
}
Event: 21982.280 GC heap before
{Heap before GC invocations=55 (full 8):
 PSYoungGen      total 596480K, used 503296K [0x00000000d5580000, 0x00000000ff880000, 0x0000000100000000)
  eden space 503296K, 100% used [0x00000000d5580000,0x00000000f4100000,0x00000000f4100000)
  from space 93184K, 0% used [0x00000000f9c80000,0x00000000f9c80000,0x00000000ff780000)
  to   space 93696K, 0% used [0x00000000f4100000,0x00000000f4100000,0x00000000f9c80000)
 ParOldGen       total 230400K, used 94064K [0x0000000080000000, 0x000000008e100000, 0x00000000d5580000)
  object space 230400K, 40% used [0x0000000080000000,0x0000000085bdc000,0x000000008e100000)
 Metaspace       used 199104K, capacity 209774K, committed 211712K, reserved 1232896K
  class space    used 25948K, capacity 27840K, committed 28208K, reserved 1048576K
Event: 21984.069 GC heap after
Heap after GC invocations=55 (full 8):
 PSYoungGen      total 596992K, used 43094K [0x00000000d5580000, 0x00000000ff880000, 0x0000000100000000)
  eden space 503296K, 0% used [0x00000000d5580000,0x00000000d5580000,0x00000000f4100000)
  from space 93696K, 45% used [0x00000000f4100000,0x00000000f6b15b48,0x00000000f9c80000)
  to   space 89600K, 0% used [0x00000000fa100000,0x00000000fa100000,0x00000000ff880000)
 ParOldGen       total 230400K, used 94072K [0x0000000080000000, 0x000000008e100000, 0x00000000d5580000)
  object space 230400K, 40% used [0x0000000080000000,0x0000000085bde000,0x000000008e100000)
 Metaspace       used 199104K, capacity 209774K, committed 211712K, reserved 1232896K
  class space    used 25948K, capacity 27840K, committed 28208K, reserved 1048576K
}
Event: 22271.236 GC heap before
{Heap before GC invocations=56 (full 8):
 PSYoungGen      total 596992K, used 546390K [0x00000000d5580000, 0x00000000ff880000, 0x0000000100000000)
  eden space 503296K, 100% used [0x00000000d5580000,0x00000000f4100000,0x00000000f4100000)
  from space 93696K, 45% used [0x00000000f4100000,0x00000000f6b15b48,0x00000000f9c80000)
  to   space 89600K, 0% used [0x00000000fa100000,0x00000000fa100000,0x00000000ff880000)
 ParOldGen       total 230400K, used 94072K [0x0000000080000000, 0x000000008e100000, 0x00000000d5580000)
  object space 230400K, 40% used [0x0000000080000000,0x0000000085bde000,0x000000008e100000)
 Metaspace       used 214542K, capacity 226770K, committed 226944K, reserved 1247232K
  class space    used 27838K, capacity 30087K, committed 30128K, reserved 1048576K
Event: 22274.245 GC heap after
Heap after GC invocations=56 (full 8):
 PSYoungGen      total 600576K, used 56324K [0x00000000d5580000, 0x00000000ffe00000, 0x0000000100000000)
  eden space 510976K, 0% used [0x00000000d5580000,0x00000000d5580000,0x00000000f4880000)
  from space 89600K, 62% used [0x00000000fa100000,0x00000000fd801280,0x00000000ff880000)
  to   space 90624K, 0% used [0x00000000f4880000,0x00000000f4880000,0x00000000fa100000)
 ParOldGen       total 230400K, used 94080K [0x0000000080000000, 0x000000008e100000, 0x00000000d5580000)
  object space 230400K, 40% used [0x0000000080000000,0x0000000085be0000,0x000000008e100000)
 Metaspace       used 214542K, capacity 226770K, committed 226944K, reserved 1247232K
  class space    used 27838K, capacity 30087K, committed 30128K, reserved 1048576K
}
Event: 23021.043 GC heap before
{Heap before GC invocations=57 (full 8):
 PSYoungGen      total 600576K, used 567300K [0x00000000d5580000, 0x00000000ffe00000, 0x0000000100000000)
  eden space 510976K, 100% used [0x00000000d5580000,0x00000000f4880000,0x00000000f4880000)
  from space 89600K, 62% used [0x00000000fa100000,0x00000000fd801280,0x00000000ff880000)
  to   space 90624K, 0% used [0x00000000f4880000,0x00000000f4880000,0x00000000fa100000)
 ParOldGen       total 230400K, used 94080K [0x0000000080000000, 0x000000008e100000, 0x00000000d5580000)
  object space 230400K, 40% used [0x0000000080000000,0x0000000085be0000,0x000000008e100000)
 Metaspace       used 217993K, capacity 230564K, committed 230656K, reserved 1249280K
  class space    used 28340K, capacity 30676K, committed 30768K, reserved 1048576K
Event: 23025.246 GC heap after
Heap after GC invocations=57 (full 8):
 PSYoungGen      total 601600K, used 90615K [0x00000000d5580000, 0x0000000100000000, 0x0000000100000000)
  eden space 510976K, 0% used [0x00000000d5580000,0x00000000d5580000,0x00000000f4880000)
  from space 90624K, 99% used [0x00000000f4880000,0x00000000fa0fdc20,0x00000000fa100000)
  to   space 97280K, 0% used [0x00000000fa100000,0x00000000fa100000,0x0000000100000000)
 ParOldGen       total 230400K, used 116484K [0x0000000080000000, 0x000000008e100000, 0x00000000d5580000)
  object space 230400K, 50% used [0x0000000080000000,0x00000000871c12e8,0x000000008e100000)
 Metaspace       used 217993K, capacity 230564K, committed 230656K, reserved 1249280K
  class space    used 28340K, capacity 30676K, committed 30768K, reserved 1048576K
}
Event: 23064.271 GC heap before
{Heap before GC invocations=58 (full 8):
 PSYoungGen      total 601600K, used 601591K [0x00000000d5580000, 0x0000000100000000, 0x0000000100000000)
  eden space 510976K, 100% used [0x00000000d5580000,0x00000000f4880000,0x00000000f4880000)
  from space 90624K, 99% used [0x00000000f4880000,0x00000000fa0fdc20,0x00000000fa100000)
  to   space 97280K, 0% used [0x00000000fa100000,0x00000000fa100000,0x0000000100000000)
 ParOldGen       total 230400K, used 116484K [0x0000000080000000, 0x000000008e100000, 0x00000000d5580000)
  object space 230400K, 50% used [0x0000000080000000,0x00000000871c12e8,0x000000008e100000)
 Metaspace       used 224431K, capacity 237184K, committed 237440K, reserved 1255424K
  class space    used 29030K, capacity 31382K, committed 31408K, reserved 1048576K
Event: 23067.819 GC heap after
Heap after GC invocations=58 (full 8):
 PSYoungGen      total 539136K, used 97263K [0x00000000d5580000, 0x0000000100000000, 0x0000000100000000)
  eden space 441856K, 0% used [0x00000000d5580000,0x00000000d5580000,0x00000000f0500000)
  from space 97280K, 99% used [0x00000000fa100000,0x00000000ffffbc78,0x0000000100000000)
  to   space 128512K, 0% used [0x00000000f0500000,0x00000000f0500000,0x00000000f8280000)
 ParOldGen       total 230400K, used 128809K [0x0000000080000000, 0x000000008e100000, 0x00000000d5580000)
  object space 230400K, 55% used [0x0000000080000000,0x0000000087dca720,0x000000008e100000)
 Metaspace       used 224431K, capacity 237184K, committed 237440K, reserved 1255424K
  class space    used 29030K, capacity 31382K, committed 31408K, reserved 1048576K
}

